[INFO] Scanning for projects...
[INFO] 
[INFO] ------------------------------------------------------------------------
[INFO] Building Groovy-Tickets-Grotto-Backend 1.0-SNAPSHOT
[INFO] ------------------------------------------------------------------------
[INFO] 
[INFO] --- maven-resources-plugin:2.6:resources (default-resources) @ Groovy-Tickets-Grotto-Backend ---
[WARNING] Using platform encoding (UTF-8 actually) to copy filtered resources, i.e. build is platform dependent!
[INFO] skip non existing resourceDirectory /mnt/h/programming/csci3060/groovy-ticket-grotto/src/main/resources
[INFO] 
[INFO] --- maven-compiler-plugin:3.1:compile (default-compile) @ Groovy-Tickets-Grotto-Backend ---
[INFO] Nothing to compile - all classes are up to date
[INFO] 
[INFO] --- maven-resources-plugin:2.6:testResources (default-testResources) @ Groovy-Tickets-Grotto-Backend ---
[WARNING] Using platform encoding (UTF-8 actually) to copy filtered resources, i.e. build is platform dependent!
[INFO] skip non existing resourceDirectory /mnt/h/programming/csci3060/groovy-ticket-grotto/src/test/resources
[INFO] 
[INFO] --- maven-compiler-plugin:3.1:testCompile (default-testCompile) @ Groovy-Tickets-Grotto-Backend ---
[INFO] Nothing to compile - all classes are up to date
[INFO] 
[INFO] --- maven-surefire-plugin:2.12.4:test (default-test) @ Groovy-Tickets-Grotto-Backend ---
[INFO] Surefire report directory: /mnt/h/programming/csci3060/groovy-ticket-grotto/target/surefire-reports

-------------------------------------------------------
 T E S T S
-------------------------------------------------------
Running com.groovy_tickets_grotto.backend.AddCreditTest
Tests run: 1, Failures: 0, Errors: 0, Skipped: 0, Time elapsed: 0.06 sec
Running com.groovy_tickets_grotto.backend.BuyTest
Tests run: 1, Failures: 0, Errors: 0, Skipped: 0, Time elapsed: 0 sec
Running com.groovy_tickets_grotto.backend.CreateTest
Tests run: 1, Failures: 0, Errors: 0, Skipped: 0, Time elapsed: 0 sec
Running com.groovy_tickets_grotto.backend.DeleteTest
Tests run: 1, Failures: 0, Errors: 0, Skipped: 0, Time elapsed: 0 sec
Running com.groovy_tickets_grotto.backend.EndSessionTest
Tests run: 1, Failures: 0, Errors: 0, Skipped: 0, Time elapsed: 0 sec
Running com.groovy_tickets_grotto.backend.RefundTest
Tests run: 1, Failures: 0, Errors: 0, Skipped: 0, Time elapsed: 0 sec
Running com.groovy_tickets_grotto.backend.SellTest
Tests run: 1, Failures: 0, Errors: 0, Skipped: 0, Time elapsed: 0 sec
Running com.groovy_tickets_grotto.backend.SessionTest
Tests run: 4, Failures: 0, Errors: 0, Skipped: 0, Time elapsed: 0.006 sec
Running com.groovy_tickets_grotto.backend.TicketBatchTest
Tests run: 3, Failures: 0, Errors: 0, Skipped: 0, Time elapsed: 0.001 sec
Running com.groovy_tickets_grotto.backend.TransactionTest
Tests run: 8, Failures: 0, Errors: 0, Skipped: 0, Time elapsed: 0.002 sec
Running com.groovy_tickets_grotto.backend.UserTest
Tests run: 3, Failures: 0, Errors: 0, Skipped: 0, Time elapsed: 0.001 sec

Results :

Tests run: 25, Failures: 0, Errors: 0, Skipped: 0

[INFO] ------------------------------------------------------------------------
[INFO] BUILD SUCCESS
[INFO] ------------------------------------------------------------------------
[INFO] Total time: 1.537 s
[INFO] Finished at: 2019-03-21T03:14:39Z
[INFO] Final Memory: 9M/47M
[INFO] ------------------------------------------------------------------------
